TN:
SF:src/components/Header.tsx
FN:4,Header
FN:24,t2
FN:25,t3
FNF:3
FNH:1
FNDA:7,Header
FNDA:0,t2
FNDA:0,t3
DA:1,1
DA:2,1
DA:4,7
DA:5,7
DA:8,7
DA:9,7
DA:10,7
DA:11,7
DA:12,7
DA:13,7
DA:14,7
DA:16,7
DA:17,7
DA:18,7
DA:20,7
DA:21,7
DA:22,7
DA:23,7
DA:24,7
DA:25,7
DA:27,7
DA:28,7
DA:30,7
DA:32,7
DA:34,7
DA:35,7
DA:36,7
DA:38,7
DA:39,7
DA:40,7
DA:41,7
LF:31
LH:31
BRDA:4,0,0,7
BRDA:30,1,0,0
BRF:2
BRH:1
end_of_record
TN:
SF:src/components/PatientTable.tsx
FN:13,PatientTable
FN:17,t0
FN:13,_temp
FNF:3
FNH:3
FNDA:20,PatientTable
FNDA:3,t0
FNDA:7,_temp
DA:1,1
DA:2,1
DA:3,1
DA:4,1
DA:13,20
DA:14,7
DA:15,7
DA:17,7
DA:18,7
DA:19,7
DA:20,7
DA:21,7
DA:23,7
DA:24,7
DA:25,7
DA:26,7
DA:27,7
DA:28,7
DA:29,7
DA:30,7
DA:31,7
DA:33,7
DA:34,7
DA:35,7
DA:38,7
DA:39,7
DA:40,7
DA:41,7
DA:42,7
DA:43,7
DA:44,7
DA:45,7
DA:46,7
DA:47,7
DA:48,7
DA:50,7
DA:51,7
DA:52,7
DA:53,7
DA:54,7
DA:55,7
DA:56,7
DA:57,7
DA:58,7
DA:59,7
DA:60,7
DA:61,7
DA:62,7
DA:63,7
DA:64,7
DA:65,7
DA:66,6
DA:67,6
DA:68,9
DA:69,9
LF:55
LH:55
BRDA:13,0,0,20
BRDA:21,1,0,0
BRDA:23,2,0,2
BRDA:23,3,0,0
BRDA:23,4,0,18
BRDA:24,5,0,2
BRDA:24,6,0,0
BRDA:24,7,0,16
BRDA:25,8,0,7
BRDA:35,9,0,14
BRDA:35,10,0,9
BRDA:36,11,0,1
BRDA:44,12,0,14
BRDA:44,13,0,9
BRDA:53,14,0,7
BRDA:53,15,0,2
BRDA:53,16,0,9
BRDA:55,17,0,9
BRDA:59,18,0,14
BRDA:59,19,0,6
BRDA:66,20,0,3
BRDA:66,21,0,14
BRDA:66,22,0,9
BRDA:66,23,0,6
BRDA:68,24,0,9
BRDA:17,25,0,3
BRDA:18,26,0,1
BRDA:13,27,0,7
BRDA:64,28,0,0
BRF:29
BRH:25
end_of_record
TN:
SF:src/components/ResponseAlert.tsx
FN:8,ResponseAlert
FN:15,t3
FN:69,t11
FN:8,_temp
FNF:4
FNH:4
FNDA:32,ResponseAlert
FNDA:28,t3
FNDA:1,t11
FNDA:24,_temp
DA:6,1
DA:8,32
DA:9,24
DA:10,24
DA:12,24
DA:13,24
DA:15,24
DA:16,24
DA:17,24
DA:18,24
DA:19,24
DA:21,24
DA:23,24
DA:24,24
DA:25,24
DA:27,24
DA:32,24
DA:33,24
DA:34,24
DA:35,24
DA:37,24
DA:38,24
DA:40,24
DA:41,24
DA:42,24
DA:43,24
DA:44,24
DA:45,24
DA:47,24
DA:48,24
DA:49,24
DA:50,24
DA:52,24
DA:53,24
DA:54,24
DA:55,24
DA:56,24
DA:57,24
DA:58,24
DA:59,24
DA:60,24
DA:61,28
DA:62,28
DA:64,22
DA:65,28
DA:66,28
DA:67,28
DA:68,28
DA:69,28
DA:70,28
DA:71,28
DA:73,28
DA:74,28
DA:75,28
DA:76,28
DA:77,28
DA:78,28
LF:57
LH:57
BRDA:8,0,0,32
BRDA:9,1,0,3
BRDA:9,2,0,29
BRDA:10,3,0,5
BRDA:10,4,0,27
BRDA:14,5,0,1
BRDA:25,6,0,4
BRDA:27,7,0,4
BRDA:28,8,0,1
BRDA:35,9,0,17
BRDA:35,10,0,11
BRDA:38,11,0,28
BRDA:41,12,0,17
BRDA:45,13,0,11
BRDA:53,14,0,28
BRDA:55,15,0,17
BRDA:55,16,0,11
BRDA:55,17,0,28
BRDA:57,18,0,28
BRDA:62,19,0,22
BRDA:65,20,0,0
BRDA:65,21,0,28
BRDA:65,22,0,0
BRDA:65,23,0,28
BRDA:67,24,0,28
BRDA:69,25,0,0
BRDA:69,26,0,28
BRDA:78,27,0,28
BRDA:15,28,0,28
BRDA:18,29,0,22
BRDA:18,30,0,24
BRDA:19,31,0,6
BRDA:19,32,0,1
BRDA:20,33,0,1
BRDA:23,34,0,3
BRDA:24,35,0,28
BRDA:69,36,0,1
BRDA:8,37,0,24
BRF:38
BRH:35
end_of_record
TN:
SF:src/components/PatientForm/PatientForm.tsx
FN:4,PatientForm
FN:9,t1
FNF:2
FNH:2
FNDA:37,PatientForm
FNDA:5,t1
DA:1,1
DA:4,37
DA:5,37
DA:8,37
DA:9,37
DA:10,17
DA:11,17
DA:13,17
DA:14,37
DA:15,37
DA:16,37
DA:17,37
DA:18,37
DA:19,37
DA:20,37
DA:21,37
DA:22,37
DA:23,37
DA:25,37
DA:27,17
DA:28,17
DA:30,17
DA:31,37
DA:32,37
DA:33,37
DA:34,37
DA:35,37
DA:36,37
DA:37,37
DA:39,37
DA:41,17
DA:42,17
DA:44,17
DA:45,37
DA:46,37
DA:47,37
DA:48,37
DA:49,37
DA:50,37
DA:51,37
DA:53,37
DA:55,17
DA:56,17
DA:58,17
DA:59,37
DA:60,37
DA:61,37
DA:62,37
DA:63,37
DA:64,37
DA:65,37
DA:67,37
DA:69,17
DA:70,17
DA:72,17
DA:73,17
DA:74,17
DA:75,17
DA:76,17
DA:77,17
DA:78,17
DA:80,17
DA:81,17
DA:82,17
DA:83,37
DA:84,37
DA:86,37
DA:87,37
DA:88,37
DA:89,37
DA:92,37
DA:93,23
DA:94,37
DA:95,37
LF:74
LH:74
BRDA:4,0,0,37
BRDA:9,1,0,0
BRDA:9,2,0,17
BRDA:26,3,0,1
BRDA:40,4,0,1
BRDA:54,5,0,1
BRDA:68,6,0,1
BRDA:73,7,0,17
BRDA:92,8,0,4
BRDA:92,9,0,33
BRDA:92,10,0,14
BRDA:92,11,0,23
BRDA:9,12,0,5
BRF:13
BRH:12
end_of_record
TN:
SF:src/components/PatientForm/types.ts
FN:1,(empty-report)
FNF:1
FNH:1
FNDA:1,(empty-report)
LF:0
LH:0
BRDA:1,0,0,1
BRF:1
BRH:1
end_of_record
TN:
SF:src/components/VitalSignsForm/VitalSignsForm.tsx
FN:5,VitalSignsForm
FN:10,t1
FN:5,_temp2
FN:5,_temp
FNF:4
FNH:4
FNDA:39,VitalSignsForm
FNDA:4,t1
FNDA:14,_temp2
FNDA:105,_temp
DA:1,1
DA:2,1
DA:5,39
DA:6,105
DA:9,105
DA:10,105
DA:11,105
DA:12,105
DA:14,105
DA:15,105
DA:16,105
DA:17,105
DA:18,105
DA:19,105
DA:20,105
DA:21,105
DA:22,105
DA:23,105
DA:24,105
DA:25,105
DA:27,105
DA:29,105
DA:30,105
DA:32,105
DA:33,105
DA:34,105
DA:35,105
DA:36,105
DA:37,105
DA:38,105
DA:39,105
DA:40,105
DA:41,105
DA:42,105
DA:43,105
DA:45,105
DA:47,105
DA:48,105
DA:50,105
DA:51,105
DA:52,105
DA:53,105
DA:54,105
DA:55,105
DA:56,105
DA:57,105
DA:58,105
DA:59,105
DA:60,105
DA:61,105
DA:63,105
DA:65,105
DA:66,105
DA:68,105
DA:69,105
DA:70,105
DA:71,105
DA:72,105
DA:73,105
DA:74,105
DA:75,105
DA:76,105
DA:77,105
DA:78,105
DA:79,105
DA:81,105
DA:83,105
DA:84,105
DA:86,105
DA:87,105
DA:88,105
DA:89,105
DA:90,105
DA:91,105
DA:92,105
DA:93,105
DA:94,105
DA:96,105
DA:98,105
DA:99,105
DA:101,105
DA:102,105
DA:103,105
DA:104,105
DA:105,105
DA:106,105
DA:107,105
DA:109,105
DA:110,105
DA:111,14
DA:112,14
DA:113,14
DA:115,14
DA:116,14
DA:118,14
DA:119,14
DA:120,14
DA:121,14
DA:122,14
DA:123,14
DA:124,14
DA:125,14
DA:126,14
DA:127,14
DA:128,14
DA:129,14
DA:131,14
DA:133,14
DA:134,14
DA:135,14
DA:136,14
DA:137,5
DA:138,5
DA:139,24
DA:141,39
DA:142,39
DA:143,39
DA:144,39
DA:147,39
DA:148,25
DA:149,39
DA:150,39
LF:122
LH:122
BRDA:5,0,0,39
BRDA:10,1,0,0
BRDA:10,2,0,21
BRDA:28,3,0,1
BRDA:46,4,0,1
BRDA:64,5,0,1
BRDA:82,6,0,1
BRDA:97,7,0,1
BRDA:105,8,0,21
BRDA:111,9,0,18
BRDA:111,10,0,18
BRDA:114,11,0,1
BRDA:132,12,0,1
BRDA:133,13,0,5
BRDA:137,14,0,3
BRDA:139,15,0,15
BRDA:147,16,0,3
BRDA:147,17,0,36
BRDA:147,18,0,14
BRDA:147,19,0,25
BRDA:10,20,0,4
BRDA:5,21,0,14
BRDA:5,22,0,105
BRF:23
BRH:22
end_of_record
TN:
SF:src/components/VitalSignsForm/types.ts
FN:1,(empty-report)
FNF:1
FNH:1
FNDA:1,(empty-report)
LF:0
LH:0
BRDA:1,0,0,1
BRF:1
BRH:1
end_of_record
TN:
SF:src/components/ui/table.tsx
FN:5,Table
FN:20,TableHeader
FN:30,TableBody
FN:40,TableFooter
FN:53,TableRow
FN:66,TableHead
FN:79,TableCell
FN:92,TableCaption
FNF:8
FNH:8
FNDA:12,Table
FNDA:11,TableHeader
FNDA:8,TableBody
FNDA:1,TableFooter
FNDA:19,TableRow
FNDA:24,TableHead
FNDA:24,TableCell
FNDA:1,TableCaption
DA:1,1
DA:3,1
DA:5,12
DA:7,9
DA:8,9
DA:9,9
DA:11,9
DA:12,9
DA:13,9
DA:14,12
DA:16,12
DA:20,11
DA:22,8
DA:23,8
DA:24,8
DA:25,11
DA:26,11
DA:30,8
DA:32,8
DA:33,8
DA:34,8
DA:35,8
DA:36,8
DA:40,1
DA:42,1
DA:43,1
DA:44,1
DA:45,1
DA:46,1
DA:47,1
DA:48,1
DA:49,1
DA:53,19
DA:55,16
DA:56,16
DA:57,16
DA:58,16
DA:59,16
DA:60,16
DA:61,19
DA:62,19
DA:66,24
DA:68,21
DA:69,21
DA:70,21
DA:71,21
DA:72,21
DA:73,21
DA:74,24
DA:75,24
DA:79,24
DA:81,24
DA:82,24
DA:83,24
DA:84,24
DA:85,24
DA:86,24
DA:87,24
DA:88,24
DA:92,1
DA:95,1
DA:97,1
DA:98,1
DA:99,1
DA:100,1
DA:101,1
LF:66
LH:66
BRDA:5,0,0,12
BRDA:5,1,0,0
BRDA:5,2,0,9
BRDA:13,3,0,3
BRDA:13,4,0,0
BRDA:20,5,0,11
BRDA:20,6,0,0
BRDA:20,7,0,8
BRDA:24,8,0,3
BRDA:24,9,0,0
BRDA:30,10,0,8
BRDA:30,11,0,0
BRDA:34,12,0,0
BRDA:34,13,0,0
BRDA:40,14,0,1
BRDA:40,15,0,0
BRDA:47,16,0,0
BRDA:47,17,0,0
BRDA:53,18,0,19
BRDA:53,19,0,0
BRDA:53,20,0,16
BRDA:60,21,0,3
BRDA:60,22,0,0
BRDA:66,23,0,24
BRDA:66,24,0,0
BRDA:66,25,0,21
BRDA:73,26,0,3
BRDA:73,27,0,0
BRDA:79,28,0,24
BRDA:79,29,0,0
BRDA:86,30,0,0
BRDA:86,31,0,0
BRDA:92,32,0,1
BRDA:95,33,0,0
BRDA:99,34,0,0
BRDA:99,35,0,0
BRF:36
BRH:16
end_of_record
TN:
SF:src/config/api.ts
FNF:0
FNH:0
DA:11,1
DA:12,1
DA:13,1
DA:14,1
DA:15,1
DA:16,1
DA:17,1
DA:18,1
DA:20,1
LF:9
LH:9
BRDA:12,0,0,0
BRDA:16,1,0,0
BRDA:18,2,0,0
BRF:3
BRH:0
end_of_record
TN:
SF:src/hooks/useFormRegisterPacient/data.ts
FNF:0
FNH:0
DA:2,1
DA:4,1
DA:6,1
DA:7,1
DA:8,1
DA:9,1
DA:10,1
DA:11,1
DA:12,1
LF:9
LH:9
BRF:0
BRH:0
end_of_record
TN:
SF:src/hooks/useFormRegisterPacient/types.ts
FN:1,(empty-report)
FNF:1
FNH:1
FNDA:1,(empty-report)
LF:0
LH:0
BRDA:1,0,0,1
BRF:1
BRH:1
end_of_record
TN:
SF:src/hooks/useFormRegisterPacient/useFormRegisterPacient.ts
FN:7,useFormRegisterPacient
FN:16,handleChange
FN:20,handleKeyDown
FN:32,handleSubmit
FNF:4
FNH:4
FNDA:83,useFormRegisterPacient
FNDA:41,handleChange
FNDA:10,handleKeyDown
FNDA:15,handleSubmit
DA:1,1
DA:2,1
DA:5,1
DA:7,1
DA:8,83
DA:9,83
DA:10,83
DA:11,83
DA:12,83
DA:13,83
DA:14,83
DA:16,83
DA:17,41
DA:18,41
DA:20,83
DA:21,10
DA:22,10
DA:23,2
DA:24,2
DA:25,2
DA:26,2
DA:27,10
DA:28,8
DA:29,8
DA:30,10
DA:32,83
DA:33,15
DA:34,15
DA:36,15
DA:38,15
DA:39,6
DA:40,15
DA:41,0
DA:42,0
DA:43,15
DA:44,6
DA:45,6
DA:46,15
DA:47,6
DA:48,6
DA:49,15
DA:50,7
DA:51,7
DA:52,15
DA:53,0
DA:54,0
DA:56,15
DA:57,7
DA:58,7
DA:59,7
DA:60,7
DA:62,8
DA:64,8
DA:65,8
DA:66,8
DA:67,8
DA:68,8
DA:69,8
DA:70,8
DA:71,8
DA:72,8
DA:74,8
DA:75,8
DA:76,8
DA:77,8
DA:78,8
DA:80,6
DA:82,15
DA:83,4
DA:84,1
DA:85,1
DA:86,1
DA:87,4
DA:88,3
DA:89,3
DA:90,3
DA:91,3
DA:92,4
DA:93,4
DA:95,2
DA:96,2
DA:97,2
DA:98,2
DA:99,2
DA:100,2
DA:101,2
DA:102,2
DA:103,2
DA:104,15
DA:105,8
DA:106,8
DA:107,15
DA:110,83
DA:111,83
LF:94
LH:90
BRDA:7,0,0,83
BRDA:16,1,0,41
BRDA:20,2,0,10
BRDA:22,3,0,4
BRDA:22,4,0,2
BRDA:26,5,0,1
BRDA:27,6,0,8
BRDA:32,7,0,15
BRDA:38,8,0,10
BRDA:38,9,0,6
BRDA:40,10,0,9
BRDA:40,11,0,0
BRDA:43,12,0,6
BRDA:46,13,0,6
BRDA:49,14,0,7
BRDA:52,15,0,0
BRDA:56,16,0,10
BRDA:56,17,0,7
BRDA:58,18,0,3
BRDA:60,19,0,8
BRDA:78,20,0,6
BRDA:82,21,0,4
BRDA:83,22,0,1
BRDA:87,23,0,3
BRDA:88,24,0,1
BRDA:93,25,0,2
BRDA:104,26,0,4
BRDA:104,27,0,8
BRF:28
BRH:26
end_of_record
TN:
SF:src/hooks/useFormRegisterVitals/data.ts
FN:4,API_URL
FNF:1
FNH:1
FNDA:9,API_URL
DA:2,1
DA:4,1
DA:5,9
DA:7,1
DA:8,1
DA:9,1
DA:10,1
DA:11,1
DA:12,1
DA:13,1
DA:14,1
DA:15,1
DA:17,1
DA:18,1
DA:19,1
DA:20,1
DA:21,1
DA:22,1
LF:18
LH:18
BRDA:4,0,0,9
BRF:1
BRH:1
end_of_record
TN:
SF:src/hooks/useFormRegisterVitals/types.ts
FN:1,(empty-report)
FNF:1
FNH:1
FNDA:1,(empty-report)
LF:0
LH:0
BRDA:1,0,0,1
BRF:1
BRH:1
end_of_record
TN:
SF:src/hooks/useFormRegisterVitals/useFormRegisterVitals.ts
FN:11,useFormRegisterVitals
FN:22,handleChange
FN:28,handleSubmit
FNF:3
FNH:3
FNDA:298,useFormRegisterVitals
FNDA:223,handleChange
FNDA:34,handleSubmit
DA:1,1
DA:2,1
DA:9,1
DA:11,1
DA:12,298
DA:13,298
DA:14,298
DA:15,298
DA:16,298
DA:17,298
DA:18,298
DA:19,298
DA:20,298
DA:22,298
DA:23,223
DA:24,223
DA:25,223
DA:26,223
DA:28,298
DA:29,34
DA:30,34
DA:31,34
DA:33,34
DA:36,34
DA:37,34
DA:38,4
DA:39,32
DA:40,1
DA:41,1
DA:42,30
DA:43,29
DA:44,29
DA:45,29
DA:46,2
DA:47,29
DA:50,34
DA:51,34
DA:52,3
DA:53,3
DA:54,32
DA:55,1
DA:56,1
DA:57,31
DA:58,30
DA:59,30
DA:60,30
DA:61,1
DA:62,30
DA:65,34
DA:66,34
DA:67,3
DA:68,32
DA:69,1
DA:70,1
DA:71,31
DA:72,30
DA:73,30
DA:74,30
DA:75,1
DA:76,30
DA:79,34
DA:80,34
DA:81,3
DA:82,32
DA:83,1
DA:84,1
DA:85,31
DA:86,30
DA:87,30
DA:88,30
DA:89,1
DA:90,30
DA:93,34
DA:94,34
DA:95,3
DA:96,32
DA:97,1
DA:98,1
DA:99,31
DA:100,30
DA:101,30
DA:102,30
DA:103,30
DA:104,1
DA:105,1
DA:106,30
DA:107,1
DA:108,1
DA:109,29
DA:110,1
DA:111,1
DA:112,1
DA:113,30
DA:116,34
DA:117,0
DA:118,0
DA:121,34
DA:122,34
DA:123,3
DA:124,32
DA:125,1
DA:126,31
DA:127,30
DA:128,30
DA:129,1
DA:130,1
DA:131,30
DA:132,1
DA:133,1
DA:134,1
DA:135,30
DA:137,34
DA:138,34
DA:139,25
DA:140,25
DA:141,25
DA:143,9
DA:145,9
DA:146,9
DA:147,9
DA:148,9
DA:149,9
DA:150,9
DA:151,9
DA:152,9
DA:153,9
DA:154,9
DA:156,9
DA:157,9
DA:158,9
DA:159,9
DA:160,9
DA:162,8
DA:164,34
DA:165,5
DA:166,1
DA:167,5
DA:168,1
DA:169,4
DA:170,1
DA:171,2
DA:172,2
DA:173,2
DA:174,5
DA:175,5
DA:177,3
DA:178,34
DA:179,34
DA:180,34
DA:181,0
DA:182,0
DA:183,0
DA:184,0
DA:186,3
DA:188,34
DA:189,34
DA:190,34
DA:191,34
DA:192,34
DA:193,34
DA:194,34
DA:195,34
DA:197,34
DA:198,34
DA:199,34
DA:200,34
DA:201,34
DA:202,1
DA:203,34
DA:204,9
DA:205,9
DA:206,34
DA:208,298
DA:209,42
DA:210,298
DA:212,298
DA:213,70
DA:214,298
DA:216,298
DA:217,298
LF:180
LH:174
BRDA:11,0,0,298
BRDA:22,1,0,223
BRDA:28,2,0,34
BRDA:37,3,0,32
BRDA:37,4,0,4
BRDA:39,5,0,30
BRDA:39,6,0,1
BRDA:42,7,0,29
BRDA:44,8,0,28
BRDA:45,9,0,2
BRDA:51,10,0,32
BRDA:51,11,0,3
BRDA:54,12,0,31
BRDA:54,13,0,1
BRDA:57,14,0,30
BRDA:60,15,0,1
BRDA:66,16,0,32
BRDA:66,17,0,3
BRDA:68,18,0,31
BRDA:68,19,0,1
BRDA:71,20,0,30
BRDA:73,21,0,29
BRDA:74,22,0,1
BRDA:80,23,0,32
BRDA:80,24,0,3
BRDA:82,25,0,31
BRDA:82,26,0,1
BRDA:85,27,0,30
BRDA:88,28,0,1
BRDA:94,29,0,32
BRDA:94,30,0,3
BRDA:96,31,0,31
BRDA:96,32,0,1
BRDA:99,33,0,30
BRDA:103,34,0,29
BRDA:103,35,0,1
BRDA:106,36,0,29
BRDA:106,37,0,28
BRDA:106,38,0,1
BRDA:109,39,0,28
BRDA:109,40,0,1
BRDA:116,41,0,0
BRDA:122,42,0,32
BRDA:122,43,0,3
BRDA:124,44,0,31
BRDA:124,45,0,1
BRDA:126,46,0,30
BRDA:128,47,0,1
BRDA:131,48,0,29
BRDA:131,49,0,2
BRDA:131,50,0,1
BRDA:138,51,0,32
BRDA:138,52,0,25
BRDA:141,53,0,9
BRDA:160,54,0,8
BRDA:164,55,0,5
BRDA:165,56,0,1
BRDA:167,57,0,4
BRDA:167,58,0,1
BRDA:169,59,0,3
BRDA:169,60,0,2
BRDA:169,61,0,1
BRDA:172,62,0,0
BRDA:175,63,0,3
BRDA:178,64,0,0
BRDA:180,65,0,0
BRDA:184,66,0,3
BRDA:201,67,0,1
BRDA:203,68,0,4
BRDA:203,69,0,9
BRDA:208,70,0,42
BRDA:209,71,0,3
BRDA:209,72,0,2
BRDA:212,73,0,70
BRDA:213,74,0,31
BRDA:213,75,0,4
BRF:76
BRH:72
end_of_record
TN:
SF:src/hooks/useGetListPacients/types.ts
FN:1,(empty-report)
FNF:1
FNH:1
FNDA:1,(empty-report)
LF:0
LH:0
BRDA:1,0,0,1
BRF:1
BRH:1
end_of_record
TN:
SF:src/hooks/useGetListPacients/useGetListPacients.ts
FN:7,useGetListPacients
FN:12,getCriticidadColor
FN:29,getCriticidadDenominacion
FNF:3
FNH:3
FNDA:37,useGetListPacients
FNDA:7,getCriticidadColor
FNDA:7,getCriticidadDenominacion
DA:1,1
DA:3,1
DA:5,1
DA:7,1
DA:8,37
DA:9,37
DA:10,37
DA:12,37
DA:13,7
DA:14,7
DA:15,2
DA:16,7
DA:17,1
DA:18,7
DA:19,1
DA:20,7
DA:21,1
DA:22,7
DA:23,1
DA:24,7
DA:25,1
DA:26,7
DA:27,7
DA:29,37
DA:30,7
DA:31,7
DA:32,2
DA:33,7
DA:34,1
DA:35,7
DA:36,1
DA:37,7
DA:38,1
DA:39,7
DA:40,1
DA:41,7
DA:42,1
DA:43,7
DA:44,7
DA:46,37
DA:47,14
DA:48,14
DA:49,14
DA:50,14
DA:51,14
DA:52,1
DA:53,1
DA:54,11
DA:56,11
DA:57,11
DA:58,7
DA:59,7
DA:60,7
DA:61,11
DA:62,11
DA:63,14
DA:64,2
DA:65,14
DA:66,13
DA:67,13
DA:68,37
DA:70,37
DA:71,12
DA:72,37
DA:74,37
DA:75,37
LF:66
LH:66
BRDA:7,0,0,37
BRDA:12,1,0,7
BRDA:14,2,0,2
BRDA:16,3,0,1
BRDA:18,4,0,1
BRDA:20,5,0,1
BRDA:22,6,0,1
BRDA:24,7,0,1
BRDA:29,8,0,7
BRDA:31,9,0,2
BRDA:33,10,0,1
BRDA:35,11,0,1
BRDA:37,12,0,1
BRDA:39,13,0,1
BRDA:41,14,0,1
BRDA:46,15,0,14
BRDA:50,16,0,12
BRDA:51,17,0,1
BRDA:53,18,0,11
BRDA:63,19,0,2
BRDA:64,20,0,0
BRDA:65,21,0,13
BRDA:57,22,0,7
BRDA:70,23,0,12
BRF:24
BRH:23
end_of_record
TN:
SF:src/hooks/useRegisterPacient/registerReducer.ts
FN:11,registerReducer
FNF:1
FNH:1
FNDA:9,registerReducer
DA:2,1
DA:5,1
DA:6,1
DA:7,1
DA:8,1
DA:9,1
DA:11,1
DA:12,9
DA:13,9
DA:14,1
DA:15,9
DA:16,2
DA:17,9
DA:18,2
DA:19,9
DA:20,2
DA:21,9
DA:22,1
DA:23,9
DA:24,1
DA:25,9
DA:26,9
LF:22
LH:22
BRDA:11,0,0,9
BRDA:13,1,0,1
BRDA:15,2,0,2
BRDA:17,3,0,2
BRDA:19,4,0,2
BRDA:21,5,0,1
BRDA:23,6,0,1
BRF:7
BRH:7
end_of_record
TN:
SF:src/hooks/useRegisterPacient/types.ts
FN:1,(empty-report)
FNF:1
FNH:1
FNDA:1,(empty-report)
LF:0
LH:0
BRDA:1,0,0,1
BRF:1
BRH:1
end_of_record
TN:
SF:src/hooks/useRegisterPacient/useRegisterPacient.ts
FN:3,useRegisterPacient
FN:7,t0
FN:18,t2
FNF:3
FNH:3
FNDA:30,useRegisterPacient
FNDA:20,t0
FNDA:6,t2
DA:1,1
DA:3,1
DA:4,30
DA:5,30
DA:7,20
DA:8,20
DA:9,6
DA:10,6
DA:11,6
DA:12,6
DA:13,6
DA:14,6
DA:15,20
DA:16,20
DA:18,13
DA:20,26
DA:24,26
LF:17
LH:17
BRDA:3,0,0,30
BRDA:6,1,0,1
BRDA:16,2,0,10
BRDA:17,3,0,1
BRDA:19,4,0,1
BRDA:7,5,0,20
BRDA:8,6,0,14
BRDA:8,7,0,6
BRDA:10,8,0,2
BRDA:11,9,0,1
BRDA:12,10,0,6
BRDA:18,11,0,6
BRF:12
BRH:12
end_of_record
TN:
SF:src/lib/utils.ts
FN:4,cn
FNF:1
FNH:1
FNDA:96,cn
DA:1,1
DA:2,1
DA:4,1
DA:5,96
DA:6,96
LF:5
LH:5
BRDA:4,0,0,96
BRF:1
BRH:1
end_of_record
TN:
SF:src/pages/Dashboard.tsx
FN:11,Dashboard
FN:19,t0
FN:11,_temp
FNF:3
FNH:3
FNDA:11,Dashboard
FNDA:9,t0
FNDA:2,_temp
DA:1,1
DA:2,1
DA:3,1
DA:4,1
DA:11,11
DA:12,2
DA:13,2
DA:14,2
DA:15,2
DA:16,2
DA:17,2
DA:19,2
DA:20,2
DA:22,2
DA:23,2
DA:24,2
DA:25,9
DA:26,9
DA:29,9
DA:30,9
DA:31,2
DA:32,2
DA:33,2
DA:34,9
DA:35,7
DA:36,7
DA:37,9
LF:27
LH:27
BRDA:11,0,0,11
BRDA:18,1,0,1
BRDA:26,2,0,2
BRDA:27,3,0,1
BRDA:30,4,0,2
BRDA:34,5,0,2
BRDA:34,6,0,7
BRDA:37,7,0,9
BRDA:19,8,0,9
BRDA:20,9,0,2
BRDA:20,10,0,7
BRDA:20,11,0,2
BRDA:23,12,0,0
BRDA:11,13,0,2
BRF:14
BRH:13
end_of_record
TN:
SF:src/pages/Register.tsx
FN:6,Register
FN:11,t0
FN:6,_temp
FNF:3
FNH:3
FNDA:12,Register
FNDA:4,t0
FNDA:4,_temp
DA:1,1
DA:2,1
DA:3,1
DA:4,1
DA:6,12
DA:7,4
DA:8,4
DA:9,4
DA:11,4
DA:12,4
DA:13,4
DA:14,7
DA:17,8
DA:18,8
DA:19,1
DA:20,1
DA:21,1
DA:24,1
DA:25,1
DA:26,8
DA:27,12
DA:28,4
DA:29,4
DA:30,4
DA:31,12
DA:32,7
DA:33,12
LF:27
LH:27
BRDA:6,0,0,12
BRDA:10,1,0,1
BRDA:14,2,0,5
BRDA:15,3,0,1
BRDA:18,4,0,1
BRDA:21,5,0,0
BRDA:26,6,0,4
BRDA:26,7,0,1
BRDA:26,8,0,1
BRDA:27,9,0,4
BRDA:27,10,0,4
BRDA:31,11,0,0
BRDA:31,12,0,7
BRDA:11,13,0,4
BRDA:6,14,0,4
BRF:15
BRH:13
end_of_record
TN:
SF:src/pages/RegisterVitals.tsx
FN:6,RegisterVitals
FN:14,t0
FN:20,t1
FN:6,_temp2
FN:6,_temp
FNF:5
FNH:5
FNDA:10,RegisterVitals
FNDA:1,t0
FNDA:3,t1
FNDA:2,_temp2
FNDA:1,_temp
DA:1,1
DA:2,1
DA:3,1
DA:4,1
DA:6,10
DA:7,1
DA:8,1
DA:9,1
DA:10,1
DA:11,1
DA:12,1
DA:14,1
DA:15,1
DA:16,1
DA:17,1
DA:18,2
DA:20,2
DA:21,2
DA:22,2
DA:23,2
DA:24,7
DA:27,10
DA:28,10
DA:29,10
DA:30,10
DA:31,10
DA:32,10
DA:33,7
DA:34,10
LF:29
LH:29
BRDA:6,0,0,10
BRDA:9,1,0,0
BRDA:13,2,0,1
BRDA:18,3,0,3
BRDA:19,4,0,1
BRDA:24,5,0,3
BRDA:32,6,0,0
BRDA:32,7,0,7
BRDA:33,8,0,3
BRDA:33,9,0,0
BRDA:14,10,0,1
BRDA:20,11,0,3
BRDA:6,12,0,2
BRDA:6,13,0,1
BRF:14
BRH:11
end_of_record
