TN:
SF:src/config.js
FNF:0
FNH:0
DA:1,0
LF:1
LH:0
BRDA:1,0,0,0
BRDA:1,0,1,0
BRF:2
BRH:0
end_of_record
TN:
SF:src/db.js
FNF:0
FNH:0
DA:4,0
DA:6,0
DA:14,0
DA:16,0
DA:17,0
DA:22,0
LF:6
LH:0
BRDA:11,0,0,0
BRDA:11,0,1,0
BRDA:16,1,0,0
BRDA:16,1,1,0
BRF:4
BRH:0
end_of_record
TN:
SF:src/index.js
FN:13,(anonymous_0)
FN:24,(anonymous_1)
FNF:2
FNH:0
FNDA:0,(anonymous_0)
FNDA:0,(anonymous_1)
DA:6,0
DA:8,0
DA:10,0
DA:12,0
DA:14,0
DA:15,0
DA:17,0
DA:22,0
DA:24,0
DA:25,0
LF:10
LH:0
BRDA:10,0,0,0
BRDA:10,0,1,0
BRDA:14,1,0,0
BRDA:14,1,1,0
BRDA:14,2,0,0
BRDA:14,2,1,0
BRF:6
BRH:0
end_of_record
TN:
SF:src/controllers/pacients.controllers.js
FN:7,(anonymous_0)
FN:26,(anonymous_1)
FN:94,(anonymous_2)
FN:135,(anonymous_3)
FN:136,(anonymous_4)
FN:257,(anonymous_5)
FNF:6
FNH:6
FNDA:8,(anonymous_0)
FNDA:14,(anonymous_1)
FNDA:18,(anonymous_2)
FNDA:120,(anonymous_3)
FNDA:12,(anonymous_4)
FNDA:9,(anonymous_5)
DA:7,2
DA:8,8
DA:9,8
DA:10,8
DA:11,2
DA:13,6
DA:17,4
DA:18,2
DA:20,2
DA:22,2
DA:26,2
DA:27,14
DA:28,14
DA:29,2
DA:35,12
DA:36,2
DA:42,10
DA:44,10
DA:46,10
DA:56,10
DA:57,4
DA:60,6
DA:74,6
DA:76,6
DA:77,6
DA:78,2
DA:79,2
DA:81,4
DA:82,4
DA:83,2
DA:86,2
DA:89,2
DA:90,2
DA:94,2
DA:95,18
DA:96,18
DA:97,1
DA:102,17
DA:103,17
DA:104,17
DA:106,17
DA:107,17
DA:108,2
DA:121,15
DA:123,15
DA:134,15
DA:135,120
DA:136,12
DA:138,15
DA:139,2
DA:145,13
DA:155,13
DA:156,5
DA:162,8
DA:163,8
DA:165,8
DA:166,2
DA:172,6
DA:186,6
DA:197,6
DA:207,6
DA:209,6
DA:210,6
DA:212,6
DA:213,4
DA:215,4
DA:220,4
DA:221,2
DA:222,2
DA:227,2
DA:229,2
DA:230,2
DA:232,6
DA:235,2
DA:237,2
DA:249,2
DA:250,2
DA:257,2
DA:258,9
DA:259,9
DA:260,9
DA:262,9
DA:278,9
DA:280,7
DA:282,2
LF:85
LH:85
BRDA:10,0,0,2
BRDA:10,0,1,6
BRDA:17,1,0,2
BRDA:17,1,1,2
BRDA:28,2,0,2
BRDA:28,2,1,12
BRDA:35,3,0,2
BRDA:35,3,1,10
BRDA:56,4,0,4
BRDA:56,4,1,6
BRDA:82,5,0,2
BRDA:82,5,1,2
BRDA:96,6,0,1
BRDA:96,6,1,17
BRDA:96,7,0,18
BRDA:96,7,1,17
BRDA:103,8,0,17
BRDA:103,8,1,0
BRDA:107,9,0,2
BRDA:107,9,1,15
BRDA:135,10,0,120
BRDA:135,10,1,108
BRDA:135,10,2,108
BRDA:138,11,0,2
BRDA:138,11,1,13
BRDA:155,12,0,5
BRDA:155,12,1,8
BRDA:165,13,0,2
BRDA:165,13,1,6
BRDA:220,14,0,2
BRDA:220,14,1,2
BRDA:252,15,0,0
BRDA:252,15,1,2
BRDA:259,16,0,3
BRDA:259,16,1,6
BRF:35
BRH:33
end_of_record
TN:
SF:src/helpers/TriageEngine.js
FN:45,classifyHeartRate
FN:54,classifyRespiratoryRate
FN:63,classifyOxygenSaturation
FN:70,classifyTemperature
FN:80,classifyBloodPressure
FN:111,classifyConsciousnessLevel
FN:128,classifyPainLevel
FN:135,validateVitalSigns
FN:162,(anonymous_8)
FN:188,classifyTriage
FNF:10
FNH:8
FNDA:54,classifyHeartRate
FNDA:54,classifyRespiratoryRate
FNDA:54,classifyOxygenSaturation
FNDA:54,classifyTemperature
FNDA:54,classifyBloodPressure
FNDA:54,classifyConsciousnessLevel
FNDA:53,classifyPainLevel
FNDA:0,validateVitalSigns
FNDA:0,(anonymous_8)
FNDA:54,classifyTriage
DA:1,2
DA:9,2
DA:17,2
DA:46,54
DA:47,50
DA:48,2
DA:49,48
DA:50,2
DA:51,46
DA:55,54
DA:56,51
DA:57,2
DA:58,49
DA:59,2
DA:60,47
DA:64,54
DA:65,52
DA:66,51
DA:67,50
DA:71,54
DA:72,51
DA:73,2
DA:74,49
DA:75,1
DA:76,48
DA:77,46
DA:83,54
DA:84,51
DA:88,3
DA:89,48
DA:93,2
DA:94,46
DA:95,4
DA:96,42
DA:97,0
DA:99,54
DA:100,53
DA:101,1
DA:102,52
DA:103,51
DA:104,4
DA:105,47
DA:106,3
DA:108,54
DA:112,54
DA:114,2
DA:116,1
DA:118,1
DA:120,1
DA:122,48
DA:124,1
DA:129,53
DA:130,51
DA:131,49
DA:132,48
DA:136,0
DA:137,0
DA:163,0
DA:164,0
DA:180,0
DA:181,0
DA:183,0
DA:184,0
DA:189,54
DA:190,54
DA:193,54
DA:194,54
DA:195,54
DA:196,54
DA:197,54
DA:200,53
DA:202,53
DA:212,53
DA:213,53
DA:214,53
DA:215,16
DA:216,53
DA:217,53
DA:218,53
DA:219,53
DA:220,14
DA:221,53
DA:223,53
DA:224,53
LF:84
LH:75
BRDA:46,0,0,4
BRDA:46,0,1,50
BRDA:46,1,0,54
BRDA:46,1,1,51
BRDA:47,2,0,2
BRDA:47,2,1,48
BRDA:47,3,0,50
BRDA:47,3,1,50
BRDA:47,3,2,49
BRDA:47,3,3,1
BRDA:49,4,0,2
BRDA:49,4,1,46
BRDA:49,5,0,48
BRDA:49,5,1,48
BRDA:49,5,2,47
BRDA:49,5,3,1
BRDA:55,6,0,3
BRDA:55,6,1,51
BRDA:55,7,0,54
BRDA:55,7,1,52
BRDA:56,8,0,2
BRDA:56,8,1,49
BRDA:56,9,0,51
BRDA:56,9,1,51
BRDA:56,9,2,50
BRDA:56,9,3,1
BRDA:58,10,0,2
BRDA:58,10,1,47
BRDA:58,11,0,49
BRDA:58,11,1,49
BRDA:58,11,2,48
BRDA:58,11,3,1
BRDA:64,12,0,2
BRDA:64,12,1,52
BRDA:65,13,0,1
BRDA:65,13,1,51
BRDA:65,14,0,52
BRDA:65,14,1,52
BRDA:66,15,0,1
BRDA:66,15,1,50
BRDA:66,16,0,51
BRDA:66,16,1,51
BRDA:71,17,0,3
BRDA:71,17,1,51
BRDA:71,18,0,54
BRDA:71,18,1,52
BRDA:72,19,0,2
BRDA:72,19,1,49
BRDA:72,20,0,51
BRDA:72,20,1,51
BRDA:72,20,2,50
BRDA:72,20,3,1
BRDA:74,21,0,1
BRDA:74,21,1,48
BRDA:74,22,0,49
BRDA:74,22,1,49
BRDA:74,22,2,49
BRDA:74,22,3,1
BRDA:76,23,0,2
BRDA:76,23,1,46
BRDA:76,24,0,48
BRDA:76,24,1,2
BRDA:83,25,0,3
BRDA:83,25,1,51
BRDA:83,26,0,54
BRDA:83,26,1,52
BRDA:84,27,0,3
BRDA:84,27,1,48
BRDA:85,28,0,51
BRDA:85,28,1,51
BRDA:85,28,2,50
BRDA:85,28,3,2
BRDA:89,29,0,2
BRDA:89,29,1,46
BRDA:90,30,0,48
BRDA:90,30,1,48
BRDA:90,30,2,47
BRDA:90,30,3,1
BRDA:94,31,0,4
BRDA:94,31,1,42
BRDA:94,32,0,46
BRDA:94,32,1,4
BRDA:96,33,0,42
BRDA:96,33,1,0
BRDA:96,34,0,42
BRDA:96,34,1,42
BRDA:99,35,0,1
BRDA:99,35,1,53
BRDA:100,36,0,1
BRDA:100,36,1,52
BRDA:100,37,0,53
BRDA:100,37,1,1
BRDA:102,38,0,1
BRDA:102,38,1,51
BRDA:102,39,0,52
BRDA:102,39,1,1
BRDA:103,40,0,4
BRDA:103,40,1,47
BRDA:103,41,0,51
BRDA:103,41,1,4
BRDA:105,42,0,44
BRDA:105,42,1,3
BRDA:105,43,0,47
BRDA:105,43,1,44
BRDA:112,44,0,2
BRDA:112,44,1,1
BRDA:112,44,2,1
BRDA:112,44,3,1
BRDA:112,44,4,48
BRDA:112,44,5,1
BRDA:129,45,0,2
BRDA:129,45,1,51
BRDA:130,46,0,2
BRDA:130,46,1,49
BRDA:131,47,0,1
BRDA:131,47,1,48
BRDA:140,48,0,0
BRDA:140,48,1,0
BRDA:145,49,0,0
BRDA:145,49,1,0
BRDA:150,50,0,0
BRDA:150,50,1,0
BRDA:154,51,0,0
BRDA:154,51,1,0
BRDA:164,52,0,0
BRDA:164,52,1,0
BRDA:164,52,2,0
BRDA:164,52,3,0
BRDA:164,52,4,0
BRDA:169,53,0,0
BRDA:169,53,1,0
BRDA:174,54,0,0
BRDA:174,54,1,0
BRDA:181,55,0,0
BRDA:181,55,1,0
BRDA:183,56,0,0
BRDA:183,56,1,0
BRDA:213,57,0,17
BRDA:213,57,1,36
BRDA:214,58,0,16
BRDA:214,58,1,37
BRDA:216,59,0,13
BRDA:216,59,1,40
BRDA:217,60,0,17
BRDA:217,60,1,36
BRDA:218,61,0,21
BRDA:218,61,1,32
BRDA:219,62,0,14
BRDA:219,62,1,39
BRDA:221,63,0,14
BRDA:221,63,1,39
BRF:151
BRH:129
end_of_record
TN:
SF:src/helpers/timeAdapter.js
FN:1,adaptToTimeFormat
FNF:1
FNH:1
FNDA:14,adaptToTimeFormat
DA:4,14
DA:5,8
DA:6,6
DA:7,3
DA:9,3
DA:12,14
DA:13,1
DA:16,14
LF:8
LH:8
BRDA:4,0,0,8
BRDA:4,0,1,6
BRDA:6,1,0,3
BRDA:6,1,1,3
BRDA:12,2,0,1
BRDA:12,2,1,13
BRF:6
BRH:6
end_of_record
TN:
SF:src/helpers/validator.js
FN:3,validatePacient
FNF:1
FNH:1
FNDA:34,validatePacient
DA:4,34
DA:6,34
DA:7,4
DA:10,34
DA:11,5
DA:14,34
DA:15,3
DA:18,34
DA:19,5
DA:20,29
DA:21,1
DA:24,34
DA:25,3
DA:28,34
DA:29,3
DA:32,34
DA:33,3
DA:36,34
LF:18
LH:18
BRDA:6,0,0,4
BRDA:6,0,1,30
BRDA:10,1,0,5
BRDA:10,1,1,29
BRDA:10,2,0,34
BRDA:10,2,1,33
BRDA:14,3,0,3
BRDA:14,3,1,31
BRDA:14,4,0,34
BRDA:14,4,1,34
BRDA:18,5,0,5
BRDA:18,5,1,29
BRDA:18,6,0,34
BRDA:18,6,1,32
BRDA:20,7,0,1
BRDA:20,7,1,28
BRDA:24,8,0,3
BRDA:24,8,1,31
BRDA:24,9,0,34
BRDA:24,9,1,34
BRDA:28,10,0,3
BRDA:28,10,1,31
BRDA:28,11,0,34
BRDA:28,11,1,33
BRDA:28,11,2,33
BRDA:32,12,0,3
BRDA:32,12,1,31
BRDA:32,13,0,34
BRDA:32,13,1,34
BRDA:36,14,0,21
BRDA:36,14,1,13
BRF:31
BRH:31
end_of_record
TN:
SF:src/helpers/validatorVitals.js
FN:5,validateVitals
FNF:1
FNH:1
FNDA:58,validateVitals
DA:3,2
DA:6,58
DA:8,58
DA:9,1
DA:10,57
DA:11,1
DA:12,56
DA:13,3
DA:16,58
DA:17,1
DA:18,57
DA:19,1
DA:20,56
DA:21,2
DA:24,58
DA:25,1
DA:26,57
DA:27,0
DA:28,57
DA:29,1
DA:30,56
DA:31,2
DA:34,58
DA:35,1
DA:36,57
DA:37,0
DA:38,57
DA:39,1
DA:40,56
DA:41,2
DA:44,58
DA:45,1
DA:46,57
DA:47,3
DA:49,54
DA:50,54
DA:51,54
DA:53,54
DA:54,2
DA:55,52
DA:56,2
DA:57,50
DA:58,1
DA:62,58
DA:63,1
DA:64,57
DA:65,2
DA:68,58
DA:69,2
DA:70,56
DA:71,1
DA:72,55
DA:73,2
DA:74,53
DA:75,1
DA:78,58
LF:56
LH:54
BRDA:8,0,0,1
BRDA:8,0,1,57
BRDA:10,1,0,1
BRDA:10,1,1,56
BRDA:12,2,0,3
BRDA:12,2,1,53
BRDA:16,3,0,1
BRDA:16,3,1,57
BRDA:18,4,0,1
BRDA:18,4,1,56
BRDA:20,5,0,2
BRDA:20,5,1,54
BRDA:24,6,0,1
BRDA:24,6,1,57
BRDA:26,7,0,0
BRDA:26,7,1,57
BRDA:28,8,0,1
BRDA:28,8,1,56
BRDA:30,9,0,2
BRDA:30,9,1,54
BRDA:34,10,0,1
BRDA:34,10,1,57
BRDA:36,11,0,0
BRDA:36,11,1,57
BRDA:38,12,0,1
BRDA:38,12,1,56
BRDA:40,13,0,2
BRDA:40,13,1,54
BRDA:44,14,0,1
BRDA:44,14,1,57
BRDA:46,15,0,3
BRDA:46,15,1,54
BRDA:53,16,0,2
BRDA:53,16,1,52
BRDA:53,17,0,54
BRDA:53,17,1,53
BRDA:55,18,0,2
BRDA:55,18,1,50
BRDA:55,19,0,52
BRDA:55,19,1,51
BRDA:57,20,0,1
BRDA:57,20,1,49
BRDA:62,21,0,1
BRDA:62,21,1,57
BRDA:64,22,0,2
BRDA:64,22,1,55
BRDA:68,23,0,2
BRDA:68,23,1,56
BRDA:70,24,0,1
BRDA:70,24,1,55
BRDA:72,25,0,2
BRDA:72,25,1,53
BRDA:74,26,0,1
BRDA:74,26,1,52
BRDA:74,27,0,53
BRDA:74,27,1,2
BRDA:78,28,0,35
BRDA:78,28,1,23
BRF:58
BRH:56
end_of_record
TN:
SF:src/routes/pacients.routes.js
FNF:0
FNH:0
DA:4,1
DA:6,1
DA:7,1
DA:8,1
DA:9,1
LF:5
LH:5
BRF:0
BRH:0
end_of_record
